2020-09-07 09:59:23.864  INFO 9176 --- [restartedMain] c.p.m.MyCollectionsApplication           : Starting MyCollectionsApplication on Comp-ПК with PID 9176 (D:\Java course\Companies\ITransition\final project\my_collections\my_collections\target\classes started by Comp in D:\Java course\Companies\ITransition\final project\my_collections\my_collections)
2020-09-07 09:59:23.871  INFO 9176 --- [restartedMain] c.p.m.MyCollectionsApplication           : No active profile set, falling back to default profiles: default
2020-09-07 09:59:23.996  INFO 9176 --- [restartedMain] .e.DevToolsPropertyDefaultsPostProcessor : Devtools property defaults active! Set 'spring.devtools.add-properties' to 'false' to disable
2020-09-07 09:59:23.997  INFO 9176 --- [restartedMain] .e.DevToolsPropertyDefaultsPostProcessor : For additional web related logging consider setting the 'logging.level.web' property to 'DEBUG'
2020-09-07 09:59:29.204  INFO 9176 --- [restartedMain] .s.d.r.c.RepositoryConfigurationDelegate : Bootstrapping Spring Data JPA repositories in DEFERRED mode.
2020-09-07 09:59:29.345  INFO 9176 --- [restartedMain] .s.d.r.c.RepositoryConfigurationDelegate : Finished Spring Data repository scanning in 125ms. Found 7 JPA repository interfaces.
2020-09-07 09:59:30.334  INFO 9176 --- [restartedMain] o.s.b.w.embedded.tomcat.TomcatWebServer  : Tomcat initialized with port(s): 8080 (http)
2020-09-07 09:59:30.348  INFO 9176 --- [restartedMain] o.apache.catalina.core.StandardService   : Starting service [Tomcat]
2020-09-07 09:59:30.348  INFO 9176 --- [restartedMain] org.apache.catalina.core.StandardEngine  : Starting Servlet engine: [Apache Tomcat/9.0.37]
2020-09-07 09:59:30.460  INFO 9176 --- [restartedMain] o.a.c.c.C.[Tomcat].[localhost].[/]       : Initializing Spring embedded WebApplicationContext
2020-09-07 09:59:30.461  INFO 9176 --- [restartedMain] w.s.c.ServletWebServerApplicationContext : Root WebApplicationContext: initialization completed in 6464 ms
2020-09-07 09:59:30.658  INFO 9176 --- [restartedMain] o.s.s.concurrent.ThreadPoolTaskExecutor  : Initializing ExecutorService 'applicationTaskExecutor'
2020-09-07 09:59:30.670  INFO 9176 --- [restartedMain] com.zaxxer.hikari.HikariDataSource       : HikariPool-1 - Starting...
2020-09-07 09:59:33.034  INFO 9176 --- [restartedMain] com.zaxxer.hikari.HikariDataSource       : HikariPool-1 - Start completed.
2020-09-07 09:59:33.263  INFO 9176 --- [task-1] o.hibernate.jpa.internal.util.LogHelper  : HHH000204: Processing PersistenceUnitInfo [name: default]
2020-09-07 09:59:33.478  WARN 9176 --- [restartedMain] JpaBaseConfiguration$JpaWebConfiguration : spring.jpa.open-in-view is enabled by default. Therefore, database queries may be performed during view rendering. Explicitly configure spring.jpa.open-in-view to disable this warning
2020-09-07 09:59:33.773  INFO 9176 --- [task-1] org.hibernate.Version                    : HHH000412: Hibernate ORM core version 5.4.20.Final
2020-09-07 09:59:35.318  INFO 9176 --- [task-1] o.hibernate.annotations.common.Version   : HCANN000001: Hibernate Commons Annotations {5.1.0.Final}
2020-09-07 09:59:35.799  INFO 9176 --- [task-1] org.hibernate.dialect.Dialect            : HHH000400: Using dialect: org.hibernate.dialect.MySQL5Dialect
2020-09-07 09:59:37.184  INFO 9176 --- [restartedMain] o.s.s.web.DefaultSecurityFilterChain     : Creating filter chain: any request, [org.springframework.security.web.context.request.async.WebAsyncManagerIntegrationFilter@4428eb4b, org.springframework.security.web.context.SecurityContextPersistenceFilter@78131f5b, org.springframework.security.web.header.HeaderWriterFilter@a5b90dd, org.springframework.security.web.authentication.logout.LogoutFilter@b19c8e9, org.springframework.security.web.authentication.UsernamePasswordAuthenticationFilter@1546e153, org.springframework.security.web.authentication.ui.DefaultLoginPageGeneratingFilter@da95d25, org.springframework.security.web.authentication.ui.DefaultLogoutPageGeneratingFilter@5800b82a, org.springframework.security.web.authentication.www.BasicAuthenticationFilter@70c4b86f, org.springframework.security.web.savedrequest.RequestCacheAwareFilter@6937ea0, org.springframework.security.web.servletapi.SecurityContextHolderAwareRequestFilter@39aa3420, org.springframework.security.web.authentication.AnonymousAuthenticationFilter@56daa95a, org.springframework.security.web.session.SessionManagementFilter@169eb102, org.springframework.security.web.access.ExceptionTranslationFilter@74c915a4, org.springframework.security.web.access.intercept.FilterSecurityInterceptor@576448e6]
2020-09-07 09:59:37.328  INFO 9176 --- [restartedMain] pertySourcedRequestMappingHandlerMapping : Mapped URL path [/v2/api-docs] onto method [springfox.documentation.swagger2.web.Swagger2Controller#getDocumentation(String, HttpServletRequest)]
2020-09-07 09:59:37.661  INFO 9176 --- [restartedMain] o.s.b.d.a.OptionalLiveReloadServer       : LiveReload server is running on port 35729
2020-09-07 09:59:38.242  INFO 9176 --- [restartedMain] o.s.b.w.embedded.tomcat.TomcatWebServer  : Tomcat started on port(s): 8080 (http) with context path ''
2020-09-07 09:59:38.244  INFO 9176 --- [restartedMain] d.s.w.p.DocumentationPluginsBootstrapper : Context refreshed
2020-09-07 09:59:38.281  INFO 9176 --- [restartedMain] d.s.w.p.DocumentationPluginsBootstrapper : Found 1 custom documentation plugin(s)
2020-09-07 09:59:38.339  INFO 9176 --- [restartedMain] s.d.s.w.s.ApiListingReferenceScanner     : Scanning for api listing references
2020-09-07 09:59:38.555  INFO 9176 --- [task-1] o.h.e.t.j.p.i.JtaPlatformInitiator       : HHH000490: Using JtaPlatform implementation: [org.hibernate.engine.transaction.jta.platform.internal.NoJtaPlatform]
2020-09-07 09:59:38.578  INFO 9176 --- [task-1] j.LocalContainerEntityManagerFactoryBean : Initialized JPA EntityManagerFactory for persistence unit 'default'
2020-09-07 09:59:38.788  INFO 9176 --- [restartedMain] DeferredRepositoryInitializationListener : Triggering deferred initialization of Spring Data repositories…
2020-09-07 09:59:39.287  INFO 9176 --- [restartedMain] DeferredRepositoryInitializationListener : Spring Data repositories initialized!
2020-09-07 09:59:39.300  INFO 9176 --- [restartedMain] c.p.m.MyCollectionsApplication           : Started MyCollectionsApplication in 16.786 seconds (JVM running for 19.534)
2020-09-07 10:08:44.456  INFO 9176 --- [http-nio-8080-exec-2] o.a.c.c.C.[Tomcat].[localhost].[/]       : Initializing Spring DispatcherServlet 'dispatcherServlet'
2020-09-07 10:08:44.457  INFO 9176 --- [http-nio-8080-exec-2] o.s.web.servlet.DispatcherServlet        : Initializing Servlet 'dispatcherServlet'
2020-09-07 10:08:44.474  INFO 9176 --- [http-nio-8080-exec-2] o.s.web.servlet.DispatcherServlet        : Completed initialization in 17 ms
2020-09-07 10:08:44.990 DEBUG 9176 --- [http-nio-8080-exec-2] org.hibernate.SQL                        : select user0_.iduser as iduser1_7_, user0_.email as email2_7_, user0_.isblocked as isblocke3_7_, user0_.name as name4_7_, user0_.password as password5_7_ from user user0_ where user0_.email=?
2020-09-07 10:08:45.092 DEBUG 9176 --- [http-nio-8080-exec-2] org.hibernate.SQL                        : select roles0_.user_iduser as user_idu1_8_0_, roles0_.roles_idrole as roles_id2_8_0_, role1_.idrole as idrole1_5_1_, role1_.name as name2_5_1_ from user_roles roles0_ inner join role role1_ on roles0_.roles_idrole=role1_.idrole where roles0_.user_iduser=?
2020-09-07 10:08:45.468  WARN 9176 --- [http-nio-8080-exec-2] o.a.c.util.SessionIdGeneratorBase        : Creation of SecureRandom instance for session ID generation using [SHA1PRNG] took [189] milliseconds.
2020-09-07 10:10:11.896 DEBUG 9176 --- [http-nio-8080-exec-10] org.hibernate.SQL                        : select user0_.iduser as iduser1_7_, user0_.email as email2_7_, user0_.isblocked as isblocke3_7_, user0_.name as name4_7_, user0_.password as password5_7_ from user user0_ where user0_.email=?
2020-09-07 10:10:11.900 DEBUG 9176 --- [http-nio-8080-exec-10] org.hibernate.SQL                        : select roles0_.user_iduser as user_idu1_8_0_, roles0_.roles_idrole as roles_id2_8_0_, role1_.idrole as idrole1_5_1_, role1_.name as name2_5_1_ from user_roles roles0_ inner join role role1_ on roles0_.roles_idrole=role1_.idrole where roles0_.user_iduser=?
2020-09-07 10:10:12.116  WARN 9176 --- [http-nio-8080-exec-1] o.s.web.servlet.PageNotFound             : No mapping for GET /
2020-09-07 10:10:12.412  WARN 9176 --- [http-nio-8080-exec-2] o.s.web.servlet.PageNotFound             : No mapping for GET /favicon.ico
2020-09-07 10:24:46.043  WARN 9176 --- [http-nio-8080-exec-7] o.s.web.servlet.PageNotFound             : No mapping for GET /login
2020-09-07 10:24:52.555  WARN 9176 --- [http-nio-8080-exec-8] o.s.web.servlet.PageNotFound             : No mapping for GET /login
2020-09-07 10:26:24.811 DEBUG 9176 --- [http-nio-8080-exec-4] org.hibernate.SQL                        : select user0_.iduser as iduser1_7_, user0_.email as email2_7_, user0_.isblocked as isblocke3_7_, user0_.name as name4_7_, user0_.password as password5_7_ from user user0_ where user0_.email=?
2020-09-07 10:26:24.816 DEBUG 9176 --- [http-nio-8080-exec-4] org.hibernate.SQL                        : select roles0_.user_iduser as user_idu1_8_0_, roles0_.roles_idrole as roles_id2_8_0_, role1_.idrole as idrole1_5_1_, role1_.name as name2_5_1_ from user_roles roles0_ inner join role role1_ on roles0_.roles_idrole=role1_.idrole where roles0_.user_iduser=?
2020-09-07 10:26:24.965  WARN 9176 --- [http-nio-8080-exec-6] o.s.web.servlet.PageNotFound             : No mapping for GET /
2020-09-07 10:28:39.171  WARN 9176 --- [http-nio-8080-exec-1] o.s.web.servlet.PageNotFound             : No mapping for GET /
